Determining if the pthread_create exist failed with the following output:
Change Dir: /home/mike/catkin_ws/build/CMakeFiles/CMakeTmp

Run Build Command:"/usr/bin/make" "cmTC_2018c/fast"
/usr/bin/make -f CMakeFiles/cmTC_2018c.dir/build.make CMakeFiles/cmTC_2018c.dir/build
make[1]: Entering directory '/home/mike/catkin_ws/build/CMakeFiles/CMakeTmp'
Building C object CMakeFiles/cmTC_2018c.dir/CheckSymbolExists.c.o
/usr/bin/cc     -o CMakeFiles/cmTC_2018c.dir/CheckSymbolExists.c.o   -c /home/mike/catkin_ws/build/CMakeFiles/CMakeTmp/CheckSymbolExists.c
Linking C executable cmTC_2018c
/usr/bin/cmake -E cmake_link_script CMakeFiles/cmTC_2018c.dir/link.txt --verbose=1
/usr/bin/cc       CMakeFiles/cmTC_2018c.dir/CheckSymbolExists.c.o  -o cmTC_2018c -rdynamic 
CMakeFiles/cmTC_2018c.dir/CheckSymbolExists.c.o: In function `main':
CheckSymbolExists.c:(.text+0x16): undefined reference to `pthread_create'
collect2: error: ld returned 1 exit status
CMakeFiles/cmTC_2018c.dir/build.make:97: recipe for target 'cmTC_2018c' failed
make[1]: *** [cmTC_2018c] Error 1
make[1]: Leaving directory '/home/mike/catkin_ws/build/CMakeFiles/CMakeTmp'
Makefile:126: recipe for target 'cmTC_2018c/fast' failed
make: *** [cmTC_2018c/fast] Error 2

File /home/mike/catkin_ws/build/CMakeFiles/CMakeTmp/CheckSymbolExists.c:
/* */
#include <pthread.h>

int main(int argc, char** argv)
{
  (void)argv;
#ifndef pthread_create
  return ((int*)(&pthread_create))[argc];
#else
  (void)argc;
  return 0;
#endif
}

Determining if the function pthread_create exists in the pthreads failed with the following output:
Change Dir: /home/mike/catkin_ws/build/CMakeFiles/CMakeTmp

Run Build Command:"/usr/bin/make" "cmTC_4f00d/fast"
/usr/bin/make -f CMakeFiles/cmTC_4f00d.dir/build.make CMakeFiles/cmTC_4f00d.dir/build
make[1]: Entering directory '/home/mike/catkin_ws/build/CMakeFiles/CMakeTmp'
Building C object CMakeFiles/cmTC_4f00d.dir/CheckFunctionExists.c.o
/usr/bin/cc    -DCHECK_FUNCTION_EXISTS=pthread_create   -o CMakeFiles/cmTC_4f00d.dir/CheckFunctionExists.c.o   -c /usr/share/cmake-3.5/Modules/CheckFunctionExists.c
Linking C executable cmTC_4f00d
/usr/bin/cmake -E cmake_link_script CMakeFiles/cmTC_4f00d.dir/link.txt --verbose=1
/usr/bin/cc   -DCHECK_FUNCTION_EXISTS=pthread_create    CMakeFiles/cmTC_4f00d.dir/CheckFunctionExists.c.o  -o cmTC_4f00d -rdynamic -lpthreads 
/usr/bin/ld: cannot find -lpthreads
collect2: error: ld returned 1 exit status
CMakeFiles/cmTC_4f00d.dir/build.make:97: recipe for target 'cmTC_4f00d' failed
make[1]: *** [cmTC_4f00d] Error 1
make[1]: Leaving directory '/home/mike/catkin_ws/build/CMakeFiles/CMakeTmp'
Makefile:126: recipe for target 'cmTC_4f00d/fast' failed
make: *** [cmTC_4f00d/fast] Error 2


